#
# There is insufficient memory for the Java Runtime Environment to continue.
# Native memory allocation (malloc) failed to allocate 581616 bytes. Error detail: Chunk::new
# Possible reasons:
#   The system is out of physical RAM or swap space
#   This process is running with CompressedOops enabled, and the Java Heap may be blocking the growth of the native heap
# Possible solutions:
#   Reduce memory load on the system
#   Increase physical memory or swap space
#   Check if swap backing store is full
#   Decrease Java heap size (-Xmx/-Xms)
#   Decrease number of Java threads
#   Decrease Java thread stack sizes (-Xss)
#   Set larger code cache with -XX:ReservedCodeCacheSize=
#   JVM is running with Zero Based Compressed Oops mode in which the Java heap is
#     placed in the first 32GB address space. The Java Heap base address is the
#     maximum limit for the native heap growth. Please use -XX:HeapBaseMinAddress
#     to set the Java Heap base and to place the Java Heap above 32GB virtual address.
# This output file may be truncated or incomplete.
#
#  Out of Memory Error (arena.cpp:149), pid=29024, tid=31592
#
# JRE version: OpenJDK Runtime Environment (23.0.2+7) (build 23.0.2+7-58)
# Java VM: OpenJDK 64-Bit Server VM (23.0.2+7-58, mixed mode, sharing, tiered, compressed oops, compressed class ptrs, g1 gc, windows-amd64)
# No core dump will be written. Minidumps are not enabled by default on client versions of Windows
#

---------------  S U M M A R Y ------------

Command Line: -Dnet.bytebuddy.agent.attacher.dump= net.bytebuddy.agent.Attacher com.sun.tools.attach.VirtualMachine 17052 C:\Users\nethm\.m2\repository\net\bytebuddy\byte-buddy-agent\1.15.11\byte-buddy-agent-1.15.11.jar false 

Host: AMD Ryzen 7 6800H with Radeon Graphics         , 16 cores, 15G,  Windows 11 , 64 bit Build 26100 (10.0.26100.3912)
Time: Mon May 19 04:18:33 2025 Sri Lanka Standard Time elapsed time: 0.124639 seconds (0d 0h 0m 0s)

---------------  T H R E A D  ---------------

Current thread (0x0000021b581f3310):  JavaThread "C2 CompilerThread1" daemon [_thread_in_native, id=31592, stack(0x0000002552d00000,0x0000002552e00000) (1024K)]


Current CompileTask:
C2:124  396       4       java.io.StreamTokenizer::nextToken (1266 bytes)

Stack: [0x0000002552d00000,0x0000002552e00000]
Native frames: (J=compiled Java code, j=interpreted, Vv=VM code, C=native code)
V  [jvm.dll+0x6e0b99]  (no source info available)
V  [jvm.dll+0x87e2b3]  (no source info available)
V  [jvm.dll+0x88073e]  (no source info available)
V  [jvm.dll+0x880e13]  (no source info available)
V  [jvm.dll+0x27b006]  (no source info available)
V  [jvm.dll+0xbc06f]  (no source info available)
V  [jvm.dll+0xbc2cb]  (no source info available)
V  [jvm.dll+0x3b3c22]  (no source info available)
V  [jvm.dll+0x38a55b]  (no source info available)
V  [jvm.dll+0x3899ca]  (no source info available)
V  [jvm.dll+0x244ba1]  (no source info available)
V  [jvm.dll+0x243eff]  (no source info available)
V  [jvm.dll+0x1c34b0]  (no source info available)
V  [jvm.dll+0x253df1]  (no source info available)
V  [jvm.dll+0x2520aa]  (no source info available)
V  [jvm.dll+0x3ee226]  (no source info available)
V  [jvm.dll+0x8254cb]  (no source info available)
V  [jvm.dll+0x6df345]  (no source info available)
C  [ucrtbase.dll+0x37b0]  (no source info available)
C  [KERNEL32.DLL+0x2e8d7]  (no source info available)
C  [ntdll.dll+0x9c5dc]  (no source info available)

Lock stack of current Java thread (top to bottom):


---------------  P R O C E S S  ---------------

Threads class SMR info:
_java_thread_list=0x0000021b583589d0, length=14, elements={
0x0000021b7f481a40, 0x0000021b7f4820b0, 0x0000021b7f484a90, 0x0000021b7f4852b0,
0x0000021b7f485f90, 0x0000021b7f493de0, 0x0000021b7f497fe0, 0x0000021b7f4a8860,
0x0000021b580bbc20, 0x0000021b58191af0, 0x0000021b58194600, 0x0000021b581efa60,
0x0000021b581f3310, 0x0000021b701e4840
}

Java Threads: ( => current thread )
  0x0000021b7f481a40 JavaThread "Reference Handler"          daemon [_thread_blocked, id=27404, stack(0x0000002552100000,0x0000002552200000) (1024K)]
  0x0000021b7f4820b0 JavaThread "Finalizer"                  daemon [_thread_blocked, id=13880, stack(0x0000002552200000,0x0000002552300000) (1024K)]
  0x0000021b7f484a90 JavaThread "Signal Dispatcher"          daemon [_thread_blocked, id=30940, stack(0x0000002552300000,0x0000002552400000) (1024K)]
  0x0000021b7f4852b0 JavaThread "Attach Listener"            daemon [_thread_blocked, id=6360, stack(0x0000002552400000,0x0000002552500000) (1024K)]
  0x0000021b7f485f90 JavaThread "Service Thread"             daemon [_thread_blocked, id=29356, stack(0x0000002552500000,0x0000002552600000) (1024K)]
  0x0000021b7f493de0 JavaThread "Monitor Deflation Thread"   daemon [_thread_blocked, id=23928, stack(0x0000002552600000,0x0000002552700000) (1024K)]
  0x0000021b7f497fe0 JavaThread "C2 CompilerThread0"         daemon [_thread_blocked, id=28792, stack(0x0000002552700000,0x0000002552800000) (1024K)]
  0x0000021b7f4a8860 JavaThread "C1 CompilerThread0"         daemon [_thread_blocked, id=8096, stack(0x0000002552800000,0x0000002552900000) (1024K)]
  0x0000021b580bbc20 JavaThread "C1 CompilerThread1"         daemon [_thread_blocked, id=30204, stack(0x0000002552900000,0x0000002552a00000) (1024K)]
  0x0000021b58191af0 JavaThread "Notification Thread"        daemon [_thread_blocked, id=31692, stack(0x0000002552a00000,0x0000002552b00000) (1024K)]
  0x0000021b58194600 JavaThread "Common-Cleaner"             daemon [_thread_blocked, id=26920, stack(0x0000002552b00000,0x0000002552c00000) (1024K)]
  0x0000021b581efa60 JavaThread "C1 CompilerThread2"         daemon [_thread_blocked, id=30784, stack(0x0000002552c00000,0x0000002552d00000) (1024K)]
=>0x0000021b581f3310 JavaThread "C2 CompilerThread1"         daemon [_thread_in_native, id=31592, stack(0x0000002552d00000,0x0000002552e00000) (1024K)]
  0x0000021b701e4840 JavaThread "DestroyJavaVM"                     [_thread_blocked, id=31088, stack(0x0000002551900000,0x0000002551a00000) (1024K)]
Total: 14

Other Threads:
  0x0000021b7f466320 VMThread "VM Thread"                           [id=31296, stack(0x0000002552000000,0x0000002552100000) (1024K)]
  0x0000021b7f453f60 WatcherThread "VM Periodic Task Thread"        [id=30432, stack(0x0000002551f00000,0x0000002552000000) (1024K)]
  0x0000021b71e2f540 WorkerThread "GC Thread#0"                     [id=4812, stack(0x0000002551a00000,0x0000002551b00000) (1024K)]
  0x0000021b71e43690 ConcurrentGCThread "G1 Main Marker"            [id=21404, stack(0x0000002551b00000,0x0000002551c00000) (1024K)]
  0x0000021b71e46fd0 WorkerThread "G1 Conc#0"                       [id=31604, stack(0x0000002551c00000,0x0000002551d00000) (1024K)]
  0x0000021b7f3278b0 ConcurrentGCThread "G1 Refine#0"               [id=23608, stack(0x0000002551d00000,0x0000002551e00000) (1024K)]
  0x0000021b7f329df0 ConcurrentGCThread "G1 Service"                [id=25640, stack(0x0000002551e00000,0x0000002551f00000) (1024K)]
Total: 7

Threads with active compile tasks:
C2 CompilerThread1  160  396       4       java.io.StreamTokenizer::nextToken (1266 bytes)
Total: 1

VM state: not at safepoint (normal execution)

VM Mutex/Monitor currently owned by a thread: None

Heap address: 0x000000070c000000, size: 3904 MB, Compressed Oops mode: Zero based, Oop shift amount: 3

CDS archive(s) mapped at: [0x0000021b13000000-0x0000021b13d70000-0x0000021b13d70000), size 14090240, SharedBaseAddress: 0x0000021b13000000, ArchiveRelocationMode: 1.
Compressed class space mapped at: 0x0000021b14000000-0x0000021b54000000, reserved size: 1073741824
Narrow klass base: 0x0000021b13000000, Narrow klass shift: 0, Narrow klass range: 0x41000000

GC Precious Log:
 CardTable entry size: 512
 Card Set container configuration: InlinePtr #cards 4 size 8 Array Of Cards #cards 16 size 48 Howl #buckets 8 coarsen threshold 3686 Howl Bitmap #cards 512 size 80 coarsen threshold 460 Card regions per heap region 1 cards per card region 4096
 CPUs: 16 total, 16 available
 Memory: 15613M
 Large Page Support: Disabled
 NUMA Support: Disabled
 Compressed Oops: Enabled (Zero based)
 Heap Region Size: 2M
 Heap Min Capacity: 8M
 Heap Initial Capacity: 244M
 Heap Max Capacity: 3904M
 Pre-touch: Disabled
 Parallel Workers: 13
 Concurrent Workers: 3
 Concurrent Refinement Workers: 13
 Periodic GC: Disabled

Heap:
 garbage-first heap   total reserved 3997696K, committed 249856K, used 4096K [0x000000070c000000, 0x0000000800000000)
  region size 2048K, 3 young (6144K), 0 survivors (0K)
 Metaspace       used 1188K, committed 1344K, reserved 1114112K
  class space    used 117K, committed 192K, reserved 1048576K

Heap Regions: E=young(eden), S=young(survivor), O=old, HS=humongous(starts), HC=humongous(continues), CS=collection set, F=free, TAMS=top-at-mark-start, PB=parsable bottom
|   0|0x000000070c000000, 0x000000070c000000, 0x000000070c200000|  0%| F|  |TAMS 0x000000070c000000| PB 0x000000070c000000| Untracked |  0
|   1|0x000000070c200000, 0x000000070c200000, 0x000000070c400000|  0%| F|  |TAMS 0x000000070c200000| PB 0x000000070c200000| Untracked |  0
|   2|0x000000070c400000, 0x000000070c400000, 0x000000070c600000|  0%| F|  |TAMS 0x000000070c400000| PB 0x000000070c400000| Untracked |  0
|   3|0x000000070c600000, 0x000000070c600000, 0x000000070c800000|  0%| F|  |TAMS 0x000000070c600000| PB 0x000000070c600000| Untracked |  0
|   4|0x000000070c800000, 0x000000070c800000, 0x000000070ca00000|  0%| F|  |TAMS 0x000000070c800000| PB 0x000000070c800000| Untracked |  0
|   5|0x000000070ca00000, 0x000000070ca00000, 0x000000070cc00000|  0%| F|  |TAMS 0x000000070ca00000| PB 0x000000070ca00000| Untracked |  0
|   6|0x000000070cc00000, 0x000000070cc00000, 0x000000070ce00000|  0%| F|  |TAMS 0x000000070cc00000| PB 0x000000070cc00000| Untracked |  0
|   7|0x000000070ce00000, 0x000000070ce00000, 0x000000070d000000|  0%| F|  |TAMS 0x000000070ce00000| PB 0x000000070ce00000| Untracked |  0
|   8|0x000000070d000000, 0x000000070d000000, 0x000000070d200000|  0%| F|  |TAMS 0x000000070d000000| PB 0x000000070d000000| Untracked |  0
|   9|0x000000070d200000, 0x000000070d200000, 0x000000070d400000|  0%| F|  |TAMS 0x000000070d200000| PB 0x000000070d200000| Untracked |  0
|  10|0x000000070d400000, 0x000000070d400000, 0x000000070d600000|  0%| F|  |TAMS 0x000000070d400000| PB 0x000000070d400000| Untracked |  0
|  11|0x000000070d600000, 0x000000070d600000, 0x000000070d800000|  0%| F|  |TAMS 0x000000070d600000| PB 0x000000070d600000| Untracked |  0
|  12|0x000000070d800000, 0x000000070d800000, 0x000000070da00000|  0%| F|  |TAMS 0x000000070d800000| PB 0x000000070d800000| Untracked |  0
|  13|0x000000070da00000, 0x000000070da00000, 0x000000070dc00000|  0%| F|  |TAMS 0x000000070da00000| PB 0x000000070da00000| Untracked |  0
|  14|0x000000070dc00000, 0x000000070dc00000, 0x000000070de00000|  0%| F|  |TAMS 0x000000070dc00000| PB 0x000000070dc00000| Untracked |  0
|  15|0x000000070de00000, 0x000000070de00000, 0x000000070e000000|  0%| F|  |TAMS 0x000000070de00000| PB 0x000000070de00000| Untracked |  0
|  16|0x000000070e000000, 0x000000070e000000, 0x000000070e200000|  0%| F|  |TAMS 0x000000070e000000| PB 0x000000070e000000| Untracked |  0
|  17|0x000000070e200000, 0x000000070e200000, 0x000000070e400000|  0%| F|  |TAMS 0x000000070e200000| PB 0x000000070e200000| Untracked |  0
|  18|0x000000070e400000, 0x000000070e400000, 0x000000070e600000|  0%| F|  |TAMS 0x000000070e400000| PB 0x000000070e400000| Untracked |  0
|  19|0x000000070e600000, 0x000000070e600000, 0x000000070e800000|  0%| F|  |TAMS 0x000000070e600000| PB 0x000000070e600000| Untracked |  0
|  20|0x000000070e800000, 0x000000070e800000, 0x000000070ea00000|  0%| F|  |TAMS 0x000000070e800000| PB 0x000000070e800000| Untracked |  0
|  21|0x000000070ea00000, 0x000000070ea00000, 0x000000070ec00000|  0%| F|  |TAMS 0x000000070ea00000| PB 0x000000070ea00000| Untracked |  0
|  22|0x000000070ec00000, 0x000000070ec00000, 0x000000070ee00000|  0%| F|  |TAMS 0x000000070ec00000| PB 0x000000070ec00000| Untracked |  0
|  23|0x000000070ee00000, 0x000000070ee00000, 0x000000070f000000|  0%| F|  |TAMS 0x000000070ee00000| PB 0x000000070ee00000| Untracked |  0
|  24|0x000000070f000000, 0x000000070f000000, 0x000000070f200000|  0%| F|  |TAMS 0x000000070f000000| PB 0x000000070f000000| Untracked |  0
|  25|0x000000070f200000, 0x000000070f200000, 0x000000070f400000|  0%| F|  |TAMS 0x000000070f200000| PB 0x000000070f200000| Untracked |  0
|  26|0x000000070f400000, 0x000000070f400000, 0x000000070f600000|  0%| F|  |TAMS 0x000000070f400000| PB 0x000000070f400000| Untracked |  0
|  27|0x000000070f600000, 0x000000070f600000, 0x000000070f800000|  0%| F|  |TAMS 0x000000070f600000| PB 0x000000070f600000| Untracked |  0
|  28|0x000000070f800000, 0x000000070f800000, 0x000000070fa00000|  0%| F|  |TAMS 0x000000070f800000| PB 0x000000070f800000| Untracked |  0
|  29|0x000000070fa00000, 0x000000070fa00000, 0x000000070fc00000|  0%| F|  |TAMS 0x000000070fa00000| PB 0x000000070fa00000| Untracked |  0
|  30|0x000000070fc00000, 0x000000070fc00000, 0x000000070fe00000|  0%| F|  |TAMS 0x000000070fc00000| PB 0x000000070fc00000| Untracked |  0
|  31|0x000000070fe00000, 0x000000070fe00000, 0x0000000710000000|  0%| F|  |TAMS 0x000000070fe00000| PB 0x000000070fe00000| Untracked |  0
|  32|0x0000000710000000, 0x0000000710000000, 0x0000000710200000|  0%| F|  |TAMS 0x0000000710000000| PB 0x0000000710000000| Untracked |  0
|  33|0x0000000710200000, 0x0000000710200000, 0x0000000710400000|  0%| F|  |TAMS 0x0000000710200000| PB 0x0000000710200000| Untracked |  0
|  34|0x0000000710400000, 0x0000000710400000, 0x0000000710600000|  0%| F|  |TAMS 0x0000000710400000| PB 0x0000000710400000| Untracked |  0
|  35|0x0000000710600000, 0x0000000710600000, 0x0000000710800000|  0%| F|  |TAMS 0x0000000710600000| PB 0x0000000710600000| Untracked |  0
|  36|0x0000000710800000, 0x0000000710800000, 0x0000000710a00000|  0%| F|  |TAMS 0x0000000710800000| PB 0x0000000710800000| Untracked |  0
|  37|0x0000000710a00000, 0x0000000710a00000, 0x0000000710c00000|  0%| F|  |TAMS 0x0000000710a00000| PB 0x0000000710a00000| Untracked |  0
|  38|0x0000000710c00000, 0x0000000710c00000, 0x0000000710e00000|  0%| F|  |TAMS 0x0000000710c00000| PB 0x0000000710c00000| Untracked |  0
|  39|0x0000000710e00000, 0x0000000710e00000, 0x0000000711000000|  0%| F|  |TAMS 0x0000000710e00000| PB 0x0000000710e00000| Untracked |  0
|  40|0x0000000711000000, 0x0000000711000000, 0x0000000711200000|  0%| F|  |TAMS 0x0000000711000000| PB 0x0000000711000000| Untracked |  0
|  41|0x0000000711200000, 0x0000000711200000, 0x0000000711400000|  0%| F|  |TAMS 0x0000000711200000| PB 0x0000000711200000| Untracked |  0
|  42|0x0000000711400000, 0x0000000711400000, 0x0000000711600000|  0%| F|  |TAMS 0x0000000711400000| PB 0x0000000711400000| Untracked |  0
|  43|0x0000000711600000, 0x0000000711600000, 0x0000000711800000|  0%| F|  |TAMS 0x0000000711600000| PB 0x0000000711600000| Untracked |  0
|  44|0x0000000711800000, 0x0000000711800000, 0x0000000711a00000|  0%| F|  |TAMS 0x0000000711800000| PB 0x0000000711800000| Untracked |  0
|  45|0x0000000711a00000, 0x0000000711a00000, 0x0000000711c00000|  0%| F|  |TAMS 0x0000000711a00000| PB 0x0000000711a00000| Untracked |  0
|  46|0x0000000711c00000, 0x0000000711c00000, 0x0000000711e00000|  0%| F|  |TAMS 0x0000000711c00000| PB 0x0000000711c00000| Untracked |  0
|  47|0x0000000711e00000, 0x0000000711e00000, 0x0000000712000000|  0%| F|  |TAMS 0x0000000711e00000| PB 0x0000000711e00000| Untracked |  0
|  48|0x0000000712000000, 0x0000000712000000, 0x0000000712200000|  0%| F|  |TAMS 0x0000000712000000| PB 0x0000000712000000| Untracked |  0
|  49|0x0000000712200000, 0x0000000712200000, 0x0000000712400000|  0%| F|  |TAMS 0x0000000712200000| PB 0x0000000712200000| Untracked |  0
|  50|0x0000000712400000, 0x0000000712400000, 0x0000000712600000|  0%| F|  |TAMS 0x0000000712400000| PB 0x0000000712400000| Untracked |  0
|  51|0x0000000712600000, 0x0000000712600000, 0x0000000712800000|  0%| F|  |TAMS 0x0000000712600000| PB 0x0000000712600000| Untracked |  0
|  52|0x0000000712800000, 0x0000000712800000, 0x0000000712a00000|  0%| F|  |TAMS 0x0000000712800000| PB 0x0000000712800000| Untracked |  0
|  53|0x0000000712a00000, 0x0000000712a00000, 0x0000000712c00000|  0%| F|  |TAMS 0x0000000712a00000| PB 0x0000000712a00000| Untracked |  0
|  54|0x0000000712c00000, 0x0000000712c00000, 0x0000000712e00000|  0%| F|  |TAMS 0x0000000712c00000| PB 0x0000000712c00000| Untracked |  0
|  55|0x0000000712e00000, 0x0000000712e00000, 0x0000000713000000|  0%| F|  |TAMS 0x0000000712e00000| PB 0x0000000712e00000| Untracked |  0
|  56|0x0000000713000000, 0x0000000713000000, 0x0000000713200000|  0%| F|  |TAMS 0x0000000713000000| PB 0x0000000713000000| Untracked |  0
|  57|0x0000000713200000, 0x0000000713200000, 0x0000000713400000|  0%| F|  |TAMS 0x0000000713200000| PB 0x0000000713200000| Untracked |  0
|  58|0x0000000713400000, 0x0000000713400000, 0x0000000713600000|  0%| F|  |TAMS 0x0000000713400000| PB 0x0000000713400000| Untracked |  0
|  59|0x0000000713600000, 0x0000000713600000, 0x0000000713800000|  0%| F|  |TAMS 0x0000000713600000| PB 0x0000000713600000| Untracked |  0
|  60|0x0000000713800000, 0x0000000713800000, 0x0000000713a00000|  0%| F|  |TAMS 0x0000000713800000| PB 0x0000000713800000| Untracked |  0
|  61|0x0000000713a00000, 0x0000000713a00000, 0x0000000713c00000|  0%| F|  |TAMS 0x0000000713a00000| PB 0x0000000713a00000| Untracked |  0
|  62|0x0000000713c00000, 0x0000000713c00000, 0x0000000713e00000|  0%| F|  |TAMS 0x0000000713c00000| PB 0x0000000713c00000| Untracked |  0
|  63|0x0000000713e00000, 0x0000000713e00000, 0x0000000714000000|  0%| F|  |TAMS 0x0000000713e00000| PB 0x0000000713e00000| Untracked |  0
|  64|0x0000000714000000, 0x0000000714000000, 0x0000000714200000|  0%| F|  |TAMS 0x0000000714000000| PB 0x0000000714000000| Untracked |  0
|  65|0x0000000714200000, 0x0000000714200000, 0x0000000714400000|  0%| F|  |TAMS 0x0000000714200000| PB 0x0000000714200000| Untracked |  0
|  66|0x0000000714400000, 0x0000000714400000, 0x0000000714600000|  0%| F|  |TAMS 0x0000000714400000| PB 0x0000000714400000| Untracked |  0
|  67|0x0000000714600000, 0x0000000714600000, 0x0000000714800000|  0%| F|  |TAMS 0x0000000714600000| PB 0x0000000714600000| Untracked |  0
|  68|0x0000000714800000, 0x0000000714800000, 0x0000000714a00000|  0%| F|  |TAMS 0x0000000714800000| PB 0x0000000714800000| Untracked |  0
|  69|0x0000000714a00000, 0x0000000714a00000, 0x0000000714c00000|  0%| F|  |TAMS 0x0000000714a00000| PB 0x0000000714a00000| Untracked |  0
|  70|0x0000000714c00000, 0x0000000714c00000, 0x0000000714e00000|  0%| F|  |TAMS 0x0000000714c00000| PB 0x0000000714c00000| Untracked |  0
|  71|0x0000000714e00000, 0x0000000714e00000, 0x0000000715000000|  0%| F|  |TAMS 0x0000000714e00000| PB 0x0000000714e00000| Untracked |  0
|  72|0x0000000715000000, 0x0000000715000000, 0x0000000715200000|  0%| F|  |TAMS 0x0000000715000000| PB 0x0000000715000000| Untracked |  0
|  73|0x0000000715200000, 0x0000000715200000, 0x0000000715400000|  0%| F|  |TAMS 0x0000000715200000| PB 0x0000000715200000| Untracked |  0
|  74|0x0000000715400000, 0x0000000715400000, 0x0000000715600000|  0%| F|  |TAMS 0x0000000715400000| PB 0x0000000715400000| Untracked |  0
|  75|0x0000000715600000, 0x0000000715600000, 0x0000000715800000|  0%| F|  |TAMS 0x0000000715600000| PB 0x0000000715600000| Untracked |  0
|  76|0x0000000715800000, 0x0000000715800000, 0x0000000715a00000|  0%| F|  |TAMS 0x0000000715800000| PB 0x0000000715800000| Untracked |  0
|  77|0x0000000715a00000, 0x0000000715a00000, 0x0000000715c00000|  0%| F|  |TAMS 0x0000000715a00000| PB 0x0000000715a00000| Untracked |  0
|  78|0x0000000715c00000, 0x0000000715c00000, 0x0000000715e00000|  0%| F|  |TAMS 0x0000000715c00000| PB 0x0000000715c00000| Untracked |  0
|  79|0x0000000715e00000, 0x0000000715e00000, 0x0000000716000000|  0%| F|  |TAMS 0x0000000715e00000| PB 0x0000000715e00000| Untracked |  0
|  80|0x0000000716000000, 0x0000000716000000, 0x0000000716200000|  0%| F|  |TAMS 0x0000000716000000| PB 0x0000000716000000| Untracked |  0
|  81|0x0000000716200000, 0x0000000716200000, 0x0000000716400000|  0%| F|  |TAMS 0x0000000716200000| PB 0x0000000716200000| Untracked |  0
|  82|0x0000000716400000, 0x0000000716400000, 0x0000000716600000|  0%| F|  |TAMS 0x0000000716400000| PB 0x0000000716400000| Untracked |  0
|  83|0x0000000716600000, 0x0000000716600000, 0x0000000716800000|  0%| F|  |TAMS 0x0000000716600000| PB 0x0000000716600000| Untracked |  0
|  84|0x0000000716800000, 0x0000000716800000, 0x0000000716a00000|  0%| F|  |TAMS 0x0000000716800000| PB 0x0000000716800000| Untracked |  0
|  85|0x0000000716a00000, 0x0000000716a00000, 0x0000000716c00000|  0%| F|  |TAMS 0x0000000716a00000| PB 0x0000000716a00000| Untracked |  0
|  86|0x0000000716c00000, 0x0000000716c00000, 0x0000000716e00000|  0%| F|  |TAMS 0x0000000716c00000| PB 0x0000000716c00000| Untracked |  0
|  87|0x0000000716e00000, 0x0000000716e00000, 0x0000000717000000|  0%| F|  |TAMS 0x0000000716e00000| PB 0x0000000716e00000| Untracked |  0
|  88|0x0000000717000000, 0x0000000717000000, 0x0000000717200000|  0%| F|  |TAMS 0x0000000717000000| PB 0x0000000717000000| Untracked |  0
|  89|0x0000000717200000, 0x0000000717200000, 0x0000000717400000|  0%| F|  |TAMS 0x0000000717200000| PB 0x0000000717200000| Untracked |  0
|  90|0x0000000717400000, 0x0000000717400000, 0x0000000717600000|  0%| F|  |TAMS 0x0000000717400000| PB 0x0000000717400000| Untracked |  0
|  91|0x0000000717600000, 0x0000000717600000, 0x0000000717800000|  0%| F|  |TAMS 0x0000000717600000| PB 0x0000000717600000| Untracked |  0
|  92|0x0000000717800000, 0x0000000717800000, 0x0000000717a00000|  0%| F|  |TAMS 0x0000000717800000| PB 0x0000000717800000| Untracked |  0
|  93|0x0000000717a00000, 0x0000000717a00000, 0x0000000717c00000|  0%| F|  |TAMS 0x0000000717a00000| PB 0x0000000717a00000| Untracked |  0
|  94|0x0000000717c00000, 0x0000000717c00000, 0x0000000717e00000|  0%| F|  |TAMS 0x0000000717c00000| PB 0x0000000717c00000| Untracked |  0
|  95|0x0000000717e00000, 0x0000000717e00000, 0x0000000718000000|  0%| F|  |TAMS 0x0000000717e00000| PB 0x0000000717e00000| Untracked |  0
|  96|0x0000000718000000, 0x0000000718000000, 0x0000000718200000|  0%| F|  |TAMS 0x0000000718000000| PB 0x0000000718000000| Untracked |  0
|  97|0x0000000718200000, 0x0000000718200000, 0x0000000718400000|  0%| F|  |TAMS 0x0000000718200000| PB 0x0000000718200000| Untracked |  0
|  98|0x0000000718400000, 0x0000000718400000, 0x0000000718600000|  0%| F|  |TAMS 0x0000000718400000| PB 0x0000000718400000| Untracked |  0
|  99|0x0000000718600000, 0x0000000718600000, 0x0000000718800000|  0%| F|  |TAMS 0x0000000718600000| PB 0x0000000718600000| Untracked |  0
| 100|0x0000000718800000, 0x0000000718800000, 0x0000000718a00000|  0%| F|  |TAMS 0x0000000718800000| PB 0x0000000718800000| Untracked |  0
| 101|0x0000000718a00000, 0x0000000718a00000, 0x0000000718c00000|  0%| F|  |TAMS 0x0000000718a00000| PB 0x0000000718a00000| Untracked |  0
| 102|0x0000000718c00000, 0x0000000718c00000, 0x0000000718e00000|  0%| F|  |TAMS 0x0000000718c00000| PB 0x0000000718c00000| Untracked |  0
| 103|0x0000000718e00000, 0x0000000718e00000, 0x0000000719000000|  0%| F|  |TAMS 0x0000000718e00000| PB 0x0000000718e00000| Untracked |  0
| 104|0x0000000719000000, 0x0000000719000000, 0x0000000719200000|  0%| F|  |TAMS 0x0000000719000000| PB 0x0000000719000000| Untracked |  0
| 105|0x0000000719200000, 0x0000000719200000, 0x0000000719400000|  0%| F|  |TAMS 0x0000000719200000| PB 0x0000000719200000| Untracked |  0
| 106|0x0000000719400000, 0x0000000719400000, 0x0000000719600000|  0%| F|  |TAMS 0x0000000719400000| PB 0x0000000719400000| Untracked |  0
| 107|0x0000000719600000, 0x0000000719600000, 0x0000000719800000|  0%| F|  |TAMS 0x0000000719600000| PB 0x0000000719600000| Untracked |  0
| 108|0x0000000719800000, 0x0000000719800000, 0x0000000719a00000|  0%| F|  |TAMS 0x0000000719800000| PB 0x0000000719800000| Untracked |  0
| 109|0x0000000719a00000, 0x0000000719a00000, 0x0000000719c00000|  0%| F|  |TAMS 0x0000000719a00000| PB 0x0000000719a00000| Untracked |  0
| 110|0x0000000719c00000, 0x0000000719c00000, 0x0000000719e00000|  0%| F|  |TAMS 0x0000000719c00000| PB 0x0000000719c00000| Untracked |  0
| 111|0x0000000719e00000, 0x0000000719e00000, 0x000000071a000000|  0%| F|  |TAMS 0x0000000719e00000| PB 0x0000000719e00000| Untracked |  0
| 112|0x000000071a000000, 0x000000071a000000, 0x000000071a200000|  0%| F|  |TAMS 0x000000071a000000| PB 0x000000071a000000| Untracked |  0
| 113|0x000000071a200000, 0x000000071a200000, 0x000000071a400000|  0%| F|  |TAMS 0x000000071a200000| PB 0x000000071a200000| Untracked |  0
| 114|0x000000071a400000, 0x000000071a400000, 0x000000071a600000|  0%| F|  |TAMS 0x000000071a400000| PB 0x000000071a400000| Untracked |  0
| 115|0x000000071a600000, 0x000000071a600000, 0x000000071a800000|  0%| F|  |TAMS 0x000000071a600000| PB 0x000000071a600000| Untracked |  0
| 116|0x000000071a800000, 0x000000071a800000, 0x000000071aa00000|  0%| F|  |TAMS 0x000000071a800000| PB 0x000000071a800000| Untracked |  0
| 117|0x000000071aa00000, 0x000000071aa00000, 0x000000071ac00000|  0%| F|  |TAMS 0x000000071aa00000| PB 0x000000071aa00000| Untracked |  0
| 118|0x000000071ac00000, 0x000000071ac00000, 0x000000071ae00000|  0%| F|  |TAMS 0x000000071ac00000| PB 0x000000071ac00000| Untracked |  0
| 119|0x000000071ae00000, 0x000000071aef5cd0, 0x000000071b000000| 48%| E|  |TAMS 0x000000071ae00000| PB 0x000000071ae00000| Complete |  0
| 120|0x000000071b000000, 0x000000071b200000, 0x000000071b200000|100%| E|CS|TAMS 0x000000071b000000| PB 0x000000071b000000| Complete |  0
| 121|0x000000071b200000, 0x000000071b400000, 0x000000071b400000|100%| E|CS|TAMS 0x000000071b200000| PB 0x000000071b200000| Complete |  0

Card table byte_map: [0x0000021b7bc70000,0x0000021b7c410000] _byte_map_base: 0x0000021b78410000

Marking Bits: (CMBitMap*) 0x0000021b71e2fc50
 Bits: [0x0000021b0f000000, 0x0000021b12d00000)

Polling page: 0x0000021b705b0000

Metaspace:

Usage:
  Non-class:      1.05 MB used.
      Class:    117.82 KB used.
       Both:      1.16 MB used.

Virtual space:
  Non-class space:       64.00 MB reserved,       1.12 MB (  2%) committed,  1 nodes.
      Class space:        1.00 GB reserved,     192.00 KB ( <1%) committed,  1 nodes.
             Both:        1.06 GB reserved,       1.31 MB ( <1%) committed. 

Chunk freelists:
   Non-Class:  11.70 MB
       Class:  15.66 MB
        Both:  27.36 MB

MaxMetaspaceSize: unlimited
CompressedClassSpaceSize: 1.00 GB
Initial GC threshold: 21.00 MB
Current GC threshold: 21.00 MB
CDS: on
 - commit_granule_bytes: 65536.
 - commit_granule_words: 8192.
 - virtual_space_node_default_size: 8388608.
 - enlarge_chunks_in_place: 1.
 - use_allocation_guard: 0.


Internal statistics:

num_allocs_failed_limit: 0.
num_arena_births: 100.
num_arena_deaths: 0.
num_vsnodes_births: 2.
num_vsnodes_deaths: 0.
num_space_committed: 21.
num_space_uncommitted: 0.
num_chunks_returned_to_freelist: 0.
num_chunks_taken_from_freelist: 134.
num_chunk_merges: 0.
num_chunk_splits: 81.
num_chunks_enlarged: 37.
num_inconsistent_stats: 0.

CodeHeap 'non-profiled nmethods': size=119232Kb used=143Kb max_used=143Kb free=119088Kb
 bounds [0x0000021b07b90000, 0x0000021b07e00000, 0x0000021b0f000000]
CodeHeap 'profiled nmethods': size=119104Kb used=503Kb max_used=503Kb free=118600Kb
 bounds [0x0000021b00000000, 0x0000021b00270000, 0x0000021b07450000]
CodeHeap 'non-nmethods': size=7424Kb used=2445Kb max_used=2459Kb free=4978Kb
 bounds [0x0000021b07450000, 0x0000021b076c0000, 0x0000021b07b90000]
CodeCache: size=245760Kb, used=3091Kb, max_used=3105Kb, free=242666Kb
 total_blobs=925, nmethods=486, adapters=343, full_count=0
Compilation: enabled, stopped_count=0, restarted_count=0

Compilation events (20 events):
Event: 0.116 Thread 0x0000021b581efa60  470       3       sun.invoke.util.Wrapper::isSubwordOrInt (20 bytes)
Event: 0.116 Thread 0x0000021b7f4a8860 nmethod 467 0x0000021b00077508 code [0x0000021b00077620, 0x0000021b00077770]
Event: 0.116 Thread 0x0000021b580bbc20 nmethod 465 0x0000021b00077808 code [0x0000021b00077a00, 0x0000021b000782a0]
Event: 0.116 Thread 0x0000021b7f4a8860  471       3       sun.invoke.util.Wrapper::isIntegral (23 bytes)
Event: 0.116 Thread 0x0000021b580bbc20  472       3       sun.invoke.util.Wrapper::isNumeric (16 bytes)
Event: 0.116 Thread 0x0000021b580bbc20 nmethod 472 0x0000021b00078308 code [0x0000021b00078420, 0x0000021b00078580]
Event: 0.116 Thread 0x0000021b7f4a8860 nmethod 471 0x0000021b00078608 code [0x0000021b00078720, 0x0000021b00078958]
Event: 0.116 Thread 0x0000021b581efa60 nmethod 470 0x0000021b00078988 code [0x0000021b00078ac0, 0x0000021b00078e78]
Event: 0.116 Thread 0x0000021b581efa60  474       3       java.util.ImmutableCollections$ListN::get (7 bytes)
Event: 0.116 Thread 0x0000021b581efa60 nmethod 474 0x0000021b00078f08 code [0x0000021b00079020, 0x0000021b00079160]
Event: 0.116 Thread 0x0000021b581efa60  475       3       java.lang.invoke.LambdaFormBuffer::ownedCount (7 bytes)
Event: 0.116 Thread 0x0000021b581efa60 nmethod 475 0x0000021b00079208 code [0x0000021b00079320, 0x0000021b00079430]
Event: 0.116 Thread 0x0000021b7f4a8860  477       3       jdk.internal.org.objectweb.asm.ByteVector::put11 (52 bytes)
Event: 0.117 Thread 0x0000021b580bbc20  478       3       java.lang.invoke.InvokerBytecodeGenerator::getInternalName (103 bytes)
Event: 0.117 Thread 0x0000021b581efa60  479       3       jdk.internal.org.objectweb.asm.Type::getArgumentsAndReturnSizes (140 bytes)
Event: 0.117 Thread 0x0000021b7f4a8860 nmethod 477 0x0000021b00079508 code [0x0000021b00079640, 0x0000021b00079850]
Event: 0.117 Thread 0x0000021b7f4a8860  480       3       java.lang.invoke.MethodType::erase (8 bytes)
Event: 0.117 Thread 0x0000021b580bbc20 nmethod 478 0x0000021b00079888 code [0x0000021b00079a20, 0x0000021b00079f40]
Event: 0.117 Thread 0x0000021b7f4a8860 nmethod 480 0x0000021b00079f88 code [0x0000021b0007a0a0, 0x0000021b0007a1d8]
Event: 0.117 Thread 0x0000021b581efa60 nmethod 479 0x0000021b0007a288 code [0x0000021b0007a5c0, 0x0000021b0007c108]

GC Heap History (0 events):
No events

Dll operation events (7 events):
Event: 0.007 Loaded shared library C:\Program Files\jdk-23.0.2\bin\java.dll
Event: 0.030 Loaded shared library C:\Program Files\jdk-23.0.2\bin\jsvml.dll
Event: 0.045 Loaded shared library C:\Program Files\jdk-23.0.2\bin\net.dll
Event: 0.046 Loaded shared library C:\Program Files\jdk-23.0.2\bin\nio.dll
Event: 0.050 Loaded shared library C:\Program Files\jdk-23.0.2\bin\zip.dll
Event: 0.054 Loaded shared library C:\Program Files\jdk-23.0.2\bin\jimage.dll
Event: 0.066 Loaded shared library C:\Program Files\jdk-23.0.2\bin\attach.dll

Deoptimization events (0 events):
No events

Classes loaded (20 events):
Event: 0.108 Loading class java/util/concurrent/RejectedExecutionHandler done
Event: 0.108 Loading class java/util/concurrent/ThreadPoolExecutor$AbortPolicy done
Event: 0.108 Loading class java/util/concurrent/SynchronousQueue
Event: 0.108 Loading class java/util/concurrent/BlockingQueue
Event: 0.108 Loading class java/util/concurrent/BlockingQueue done
Event: 0.108 Loading class java/util/AbstractQueue
Event: 0.109 Loading class java/util/AbstractQueue done
Event: 0.109 Loading class java/util/concurrent/SynchronousQueue done
Event: 0.109 Loading class java/util/concurrent/SynchronousQueue$Transferer
Event: 0.109 Loading class java/util/concurrent/LinkedTransferQueue
Event: 0.109 Loading class java/util/concurrent/TransferQueue
Event: 0.109 Loading class java/util/concurrent/TransferQueue done
Event: 0.109 Loading class java/util/concurrent/LinkedTransferQueue done
Event: 0.109 Loading class java/util/concurrent/SynchronousQueue$Transferer done
Event: 0.109 Loading class java/util/concurrent/LinkedTransferQueue$DualNode
Event: 0.109 Loading class java/util/concurrent/LinkedTransferQueue$DualNode done
Event: 0.109 Loading class java/lang/invoke/VarHandleInts$FieldInstanceReadWrite
Event: 0.109 Loading class java/lang/invoke/VarHandleInts$FieldInstanceReadOnly
Event: 0.109 Loading class java/lang/invoke/VarHandleInts$FieldInstanceReadOnly done
Event: 0.110 Loading class java/lang/invoke/VarHandleInts$FieldInstanceReadWrite done

Classes unloaded (0 events):
No events

Classes redefined (0 events):
No events

Internal exceptions (9 events):
Event: 0.087 Thread 0x0000021b701e4840 Exception <a 'java/lang/NoSuchMethodError'{0x000000071b12aad8}: 'java.lang.Object java.lang.invoke.DirectMethodHandle$Holder.newInvokeSpecial(java.lang.Object, java.lang.Object, int)'> (0x000000071b12aad8) 
thrown [s\open\src\hotspot\share\interpreter\linkResolver.cpp, line 796]
Event: 0.089 Thread 0x0000021b701e4840 Exception <a 'java/lang/NoSuchMethodError'{0x000000071b13eb50}: 'java.lang.Object java.lang.invoke.DirectMethodHandle$Holder.invokeStatic(java.lang.Object, java.lang.Object, java.lang.Object, java.lang.Object, int)'> (0x000000071b13eb50) 
thrown [s\open\src\hotspot\share\interpreter\linkResolver.cpp, line 796]
Event: 0.090 Thread 0x0000021b701e4840 Exception <a 'java/lang/NoSuchMethodError'{0x000000071b147730}: 'int java.lang.invoke.DirectMethodHandle$Holder.invokeSpecial(java.lang.Object, java.lang.Object, java.lang.Object)'> (0x000000071b147730) 
thrown [s\open\src\hotspot\share\interpreter\linkResolver.cpp, line 796]
Event: 0.107 Thread 0x0000021b701e4840 Exception <a 'java/lang/NoSuchMethodError'{0x000000071b19af18}: 'java.lang.Object java.lang.invoke.DirectMethodHandle$Holder.invokeStatic(java.lang.Object, long, java.lang.Object)'> (0x000000071b19af18) 
thrown [s\open\src\hotspot\share\interpreter\linkResolver.cpp, line 796]
Event: 0.107 Thread 0x0000021b701e4840 Exception <a 'java/lang/NoSuchMethodError'{0x000000071b19e438}: 'java.lang.Object java.lang.invoke.DirectMethodHandle$Holder.invokeStaticInit(java.lang.Object, long, java.lang.Object)'> (0x000000071b19e438) 
thrown [s\open\src\hotspot\share\interpreter\linkResolver.cpp, line 796]
Event: 0.107 Thread 0x0000021b701e4840 Exception <a 'java/lang/NoSuchMethodError'{0x000000071b1a3b68}: 'java.lang.Object java.lang.invoke.DirectMethodHandle$Holder.newInvokeSpecial(java.lang.Object, long)'> (0x000000071b1a3b68) 
thrown [s\open\src\hotspot\share\interpreter\linkResolver.cpp, line 796]
Event: 0.111 Thread 0x0000021b701e4840 Exception <a 'java/lang/NoSuchMethodError'{0x000000071b1ab718}: 'void java.lang.invoke.DirectMethodHandle$Holder.invokeVirtual(java.lang.Object, java.lang.Object, java.lang.Object, java.lang.Object)'> (0x000000071b1ab718) 
thrown [s\open\src\hotspot\share\interpreter\linkResolver.cpp, line 796]
Event: 0.111 Thread 0x0000021b701e4840 Exception <a 'java/lang/NoSuchMethodError'{0x000000071b1af5b0}: 'void java.lang.invoke.DirectMethodHandle$Holder.invokeSpecial(java.lang.Object, java.lang.Object, java.lang.Object, java.lang.Object, java.lang.Object)'> (0x000000071b1af5b0) 
thrown [s\open\src\hotspot\share\interpreter\linkResolver.cpp, line 796]
Event: 0.113 Thread 0x0000021b701e4840 Exception <a 'java/lang/NoSuchMethodError'{0x000000071b1be410}: 'java.lang.Object java.lang.invoke.Invokers$Holder.invokeExact_MT(java.lang.Object, java.lang.Object, java.lang.Object, java.lang.Object, java.lang.Object)'> (0x000000071b1be410) 
thrown [s\open\src\hotspot\share\interpreter\linkResolver.cpp, line 796]

VM Operations (2 events):
Event: 0.051 Executing VM operation: HandshakeAllThreads (Deoptimize)
Event: 0.051 Executing VM operation: HandshakeAllThreads (Deoptimize) done

Memory protections (0 events):
No events

Nmethod flushes (0 events):
No events

Events (14 events):
Event: 0.018 Thread 0x0000021b701e4840 Thread added: 0x0000021b701e4840
Event: 0.028 Thread 0x0000021b701e4840 Thread added: 0x0000021b7f481a40
Event: 0.028 Thread 0x0000021b701e4840 Thread added: 0x0000021b7f4820b0
Event: 0.028 Thread 0x0000021b701e4840 Thread added: 0x0000021b7f484a90
Event: 0.028 Thread 0x0000021b701e4840 Thread added: 0x0000021b7f4852b0
Event: 0.028 Thread 0x0000021b701e4840 Thread added: 0x0000021b7f485f90
Event: 0.028 Thread 0x0000021b701e4840 Thread added: 0x0000021b7f493de0
Event: 0.028 Thread 0x0000021b701e4840 Thread added: 0x0000021b7f497fe0
Event: 0.028 Thread 0x0000021b701e4840 Thread added: 0x0000021b7f4a8860
Event: 0.034 Thread 0x0000021b7f4a8860 Thread added: 0x0000021b580bbc20
Event: 0.041 Thread 0x0000021b701e4840 Thread added: 0x0000021b58191af0
Event: 0.042 Thread 0x0000021b701e4840 Thread added: 0x0000021b58194600
Event: 0.100 Thread 0x0000021b7f4a8860 Thread added: 0x0000021b581efa60
Event: 0.102 Thread 0x0000021b7f4a8860 Thread added: 0x0000021b581f3310


Dynamic libraries:
0x00007ff73e1d0000 - 0x00007ff73e1de000 	C:\Program Files\jdk-23.0.2\bin\java.exe
0x00007ff95d6e0000 - 0x00007ff95d946000 	C:\WINDOWS\SYSTEM32\ntdll.dll
0x00007ff95d150000 - 0x00007ff95d219000 	C:\WINDOWS\System32\KERNEL32.DLL
0x00007ff95ab30000 - 0x00007ff95aefc000 	C:\WINDOWS\System32\KERNELBASE.dll
0x00007ff95b110000 - 0x00007ff95b25b000 	C:\WINDOWS\System32\ucrtbase.dll
0x00007ff934a60000 - 0x00007ff934a7b000 	C:\Program Files\jdk-23.0.2\bin\VCRUNTIME140.dll
0x00007ff937820000 - 0x00007ff937837000 	C:\Program Files\jdk-23.0.2\bin\jli.dll
0x00007ff95d450000 - 0x00007ff95d61a000 	C:\WINDOWS\System32\USER32.dll
0x00007ff93f600000 - 0x00007ff93f89a000 	C:\WINDOWS\WinSxS\amd64_microsoft.windows.common-controls_6595b64144ccf1df_6.0.26100.3912_none_3e07963ce335137e\COMCTL32.dll
0x00007ff95cf00000 - 0x00007ff95cfa9000 	C:\WINDOWS\System32\msvcrt.dll
0x00007ff95d030000 - 0x00007ff95d05b000 	C:\WINDOWS\System32\GDI32.dll
0x00007ff95b040000 - 0x00007ff95b067000 	C:\WINDOWS\System32\win32u.dll
0x00007ff95a870000 - 0x00007ff95a9a2000 	C:\WINDOWS\System32\gdi32full.dll
0x00007ff95af90000 - 0x00007ff95b033000 	C:\WINDOWS\System32\msvcp_win.dll
0x00007ff95b5d0000 - 0x00007ff95b600000 	C:\WINDOWS\System32\IMM32.DLL
0x00007ff947650000 - 0x00007ff94765c000 	C:\Program Files\jdk-23.0.2\bin\vcruntime140_1.dll
0x00007ff903740000 - 0x00007ff9037ce000 	C:\Program Files\jdk-23.0.2\bin\msvcp140.dll
0x00007ff85ab00000 - 0x00007ff85b850000 	C:\Program Files\jdk-23.0.2\bin\server\jvm.dll
0x00007ff95d320000 - 0x00007ff95d3d2000 	C:\WINDOWS\System32\ADVAPI32.dll
0x00007ff95c5a0000 - 0x00007ff95c646000 	C:\WINDOWS\System32\sechost.dll
0x00007ff95c380000 - 0x00007ff95c496000 	C:\WINDOWS\System32\RPCRT4.dll
0x00007ff95cfb0000 - 0x00007ff95d024000 	C:\WINDOWS\System32\WS2_32.dll
0x00007ff959800000 - 0x00007ff95985e000 	C:\WINDOWS\SYSTEM32\POWRPROF.dll
0x00007ff948fc0000 - 0x00007ff948ff6000 	C:\WINDOWS\SYSTEM32\WINMM.dll
0x00007ff957a80000 - 0x00007ff957a8b000 	C:\WINDOWS\SYSTEM32\VERSION.dll
0x00007ff9597e0000 - 0x00007ff9597f4000 	C:\WINDOWS\SYSTEM32\UMPDC.dll
0x00007ff9596a0000 - 0x00007ff9596ba000 	C:\WINDOWS\SYSTEM32\kernel.appcore.dll
0x00007ff942ac0000 - 0x00007ff942aca000 	C:\Program Files\jdk-23.0.2\bin\jimage.dll
0x00007ff947db0000 - 0x00007ff947ff1000 	C:\WINDOWS\SYSTEM32\DBGHELP.DLL
0x00007ff95be00000 - 0x00007ff95c184000 	C:\WINDOWS\System32\combase.dll
0x00007ff95d060000 - 0x00007ff95d140000 	C:\WINDOWS\System32\OLEAUT32.dll
0x00007ff93d9b0000 - 0x00007ff93d9e9000 	C:\WINDOWS\SYSTEM32\dbgcore.DLL
0x00007ff95b070000 - 0x00007ff95b109000 	C:\WINDOWS\System32\bcryptPrimitives.dll
0x00007ff92ae00000 - 0x00007ff92ae1e000 	C:\Program Files\jdk-23.0.2\bin\java.dll
0x00007ff95b610000 - 0x00007ff95b7af000 	C:\WINDOWS\System32\ole32.dll
0x00007ff95c650000 - 0x00007ff95cd7d000 	C:\WINDOWS\System32\SHELL32.dll
0x00007ff95a9b0000 - 0x00007ff95ab24000 	C:\WINDOWS\System32\wintypes.dll
0x00007ff9584b0000 - 0x00007ff958d06000 	C:\WINDOWS\SYSTEM32\windows.storage.dll
0x00007ff95c4a0000 - 0x00007ff95c58f000 	C:\WINDOWS\System32\SHCORE.dll
0x00007ff95d3e0000 - 0x00007ff95d449000 	C:\WINDOWS\System32\shlwapi.dll
0x00007ff95a780000 - 0x00007ff95a7af000 	C:\WINDOWS\SYSTEM32\profapi.dll
0x00007ff8d0e50000 - 0x00007ff8d0f27000 	C:\Program Files\jdk-23.0.2\bin\jsvml.dll
0x00007ff931b60000 - 0x00007ff931b70000 	C:\Program Files\jdk-23.0.2\bin\net.dll
0x00007ff959cc0000 - 0x00007ff959d2a000 	C:\WINDOWS\system32\mswsock.dll
0x00007ff9291a0000 - 0x00007ff9291b6000 	C:\Program Files\jdk-23.0.2\bin\nio.dll
0x00007ff929180000 - 0x00007ff929197000 	C:\Program Files\jdk-23.0.2\bin\zip.dll
0x00007ff9083b0000 - 0x00007ff9083b9000 	C:\Program Files\jdk-23.0.2\bin\attach.dll
0x00007ff95c190000 - 0x00007ff95c198000 	C:\WINDOWS\System32\PSAPI.DLL

dbghelp: loaded successfully - version: 4.0.5 - missing functions: none
symbol engine: initialized successfully - sym options: 0x614 - pdb path: .;C:\Program Files\jdk-23.0.2\bin;C:\WINDOWS\SYSTEM32;C:\WINDOWS\WinSxS\amd64_microsoft.windows.common-controls_6595b64144ccf1df_6.0.26100.3912_none_3e07963ce335137e;C:\Program Files\jdk-23.0.2\bin\server

VM Arguments:
jvm_args: -Dnet.bytebuddy.agent.attacher.dump= 
java_command: net.bytebuddy.agent.Attacher com.sun.tools.attach.VirtualMachine 17052 C:\Users\nethm\.m2\repository\net\bytebuddy\byte-buddy-agent\1.15.11\byte-buddy-agent-1.15.11.jar false 
java_class_path (initial): C:\Users\nethm\.m2\repository\net\bytebuddy\byte-buddy-agent\1.15.11\byte-buddy-agent-1.15.11.jar
Launcher Type: SUN_STANDARD

[Global flags]
     intx CICompilerCount                          = 12                                        {product} {ergonomic}
     uint ConcGCThreads                            = 3                                         {product} {ergonomic}
     uint G1ConcRefinementThreads                  = 13                                        {product} {ergonomic}
   size_t G1HeapRegionSize                         = 2097152                                   {product} {ergonomic}
   size_t InitialHeapSize                          = 255852544                                 {product} {ergonomic}
   size_t MarkStackSize                            = 4194304                                   {product} {ergonomic}
   size_t MarkStackSizeMax                         = 536870912                                 {product} {ergonomic}
   size_t MaxHeapSize                              = 4093640704                                {product} {ergonomic}
   size_t MaxNewSize                               = 2455764992                                {product} {ergonomic}
   size_t MinHeapDeltaBytes                        = 2097152                                   {product} {ergonomic}
   size_t MinHeapSize                              = 8388608                                   {product} {ergonomic}
    uintx NonNMethodCodeHeapSize                   = 7602176                                {pd product} {ergonomic}
    uintx NonProfiledCodeHeapSize                  = 122093568                              {pd product} {ergonomic}
    uintx ProfiledCodeHeapSize                     = 121962496                              {pd product} {ergonomic}
    uintx ReservedCodeCacheSize                    = 251658240                              {pd product} {ergonomic}
     bool SegmentedCodeCache                       = true                                      {product} {ergonomic}
   size_t SoftMaxHeapSize                          = 4093640704                             {manageable} {ergonomic}
     bool UseCompressedOops                        = true                           {product lp64_product} {ergonomic}
     bool UseG1GC                                  = true                                      {product} {ergonomic}
     bool UseLargePagesIndividualAllocation        = false                                  {pd product} {ergonomic}

Logging:
Log output configuration:
 #0: stdout all=warning uptime,level,tags foldmultilines=false
 #1: stderr all=off uptime,level,tags foldmultilines=false

Environment Variables:
JAVA_HOME=C:\Program Files\jdk-23.0.2
PATH=C:\Program Files\PowerShell\7;C:\Program Files\Docker\Docker\resources\bin;C:\Program Files\Docker\Docker\resources\bin;C:\Program Files\jdk-23.0.2\bin;C:\Program Files\NVIDIA Corporation\NVIDIA app\NvDLISR;C:\apache-maven-3.9.9\bin;C:\Program Files\Docker;C:\Program Files\Kubernetes\Minikube;C:\Program Files\dotnet\;C:\Program Files\Git\cmd;C:\Program Files\Git\bin\;C:\Windows\System32\OpenSSH;C:\platform-tools;;C:\Program Files\Docker\Docker\resources\bin;C:\Users\nethm\AppData\Local\Programs\Python\Launcher\;C:\Users\nethm\AppData\Local\Programs\Python\Python312\Scripts\;C:\Users\nethm\AppData\Local\Programs\Python\Python312\;C:\Users\nethm\AppData\Local\Microsoft\WindowsApps;C:\Users\nethm\AppData\Local\Programs\Microsoft VS Code\bin;C:\Users\nethm\AppData\Local\GitHubDesktop\bin;C:\Users\nethm\AppData\Roaming\nvm;C:\Program Files\nodejs;C:\Users\nethm\AppData\Local\Muse Hub\lib;C:\Users\nethm\AppData\Roaming\Composer\vendor\bin;C:\Users\nethm\AppData\Roaming\npm;C:\Users\nethm\.dotnet\tools;C:\Program Files\JetBrains\IntelliJ IDEA 2024.3.3\bin;;C:\apache-jmeter-5.6.3\bin;C:\Program Files\jdk-23.0.2\bin;
USERNAME=nethm
OS=Windows_NT
PROCESSOR_IDENTIFIER=AMD64 Family 25 Model 68 Stepping 1, AuthenticAMD
TMP=C:\Users\nethm\AppData\Local\Temp
TEMP=C:\Users\nethm\AppData\Local\Temp




Periodic native trim disabled

---------------  S Y S T E M  ---------------

OS:
 Windows 11 , 64 bit Build 26100 (10.0.26100.3912)
OS uptime: 0 days 2:41 hours
Hyper-V role detected

CPU: total 16 (initial active 16) (16 cores per cpu, 2 threads per core) family 25 model 68 stepping 1 microcode 0xa404101, cx8, cmov, fxsr, ht, mmx, 3dnowpref, sse, sse2, sse3, ssse3, sse4a, sse4.1, sse4.2, popcnt, lzcnt, tsc, tscinvbit, avx, avx2, aes, clmul, bmi1, bmi2, adx, sha, fma, vzeroupper, clflush, clflushopt, hv, rdtscp, rdpid, f16c, cet_ss
Processor Information for the first 16 processors :
  Max Mhz: 3201, Current Mhz: 3201, Mhz Limit: 3201

Memory: 4k page, system-wide physical 15613M (1597M free)
TotalPageFile size 34616M (AvailPageFile size 4M)
current process WorkingSet (physical memory assigned to process): 48M, peak: 48M
current process commit charge ("private bytes"): 344M, peak: 344M

vm_info: OpenJDK 64-Bit Server VM (23.0.2+7-58) for windows-amd64 JRE (23.0.2+7-58), built on 2024-11-29T09:34:55Z with MS VC++ 17.6 (VS2022)

END.
